0 info it worked if it ends with ok
1 verbose cli [ '/usr/local/bin/node', '/usr/local/bin/npm', 'run', 'dev' ]
2 info using npm@3.10.10
3 info using node@v6.10.2
4 verbose run-script [ 'predev', 'dev', 'postdev' ]
5 info lifecycle zs-managesystem@0.0.1~predev: zs-managesystem@0.0.1
6 silly lifecycle zs-managesystem@0.0.1~predev: no script for predev, continuing
7 info lifecycle zs-managesystem@0.0.1~dev: zs-managesystem@0.0.1
8 verbose lifecycle zs-managesystem@0.0.1~dev: unsafe-perm in lifecycle true
9 verbose lifecycle zs-managesystem@0.0.1~dev: PATH: /usr/local/lib/node_modules/npm/bin/node-gyp-bin:/Users/administrator/zs-manage/node_modules/.bin:/usr/local/bin:/usr/bin:/bin:/usr/sbin:/sbin
10 verbose lifecycle zs-managesystem@0.0.1~dev: CWD: /Users/administrator/zs-manage
11 silly lifecycle zs-managesystem@0.0.1~dev: Args: [ '-c', 'node build/dev-server.js' ]
12 silly lifecycle zs-managesystem@0.0.1~dev: Returned: code: 1  signal: null
13 info lifecycle zs-managesystem@0.0.1~dev: Failed to exec dev script
14 verbose stack Error: zs-managesystem@0.0.1 dev: `node build/dev-server.js`
14 verbose stack Exit status 1
14 verbose stack     at EventEmitter.<anonymous> (/usr/local/lib/node_modules/npm/lib/utils/lifecycle.js:255:16)
14 verbose stack     at emitTwo (events.js:106:13)
14 verbose stack     at EventEmitter.emit (events.js:191:7)
14 verbose stack     at ChildProcess.<anonymous> (/usr/local/lib/node_modules/npm/lib/utils/spawn.js:40:14)
14 verbose stack     at emitTwo (events.js:106:13)
14 verbose stack     at ChildProcess.emit (events.js:191:7)
14 verbose stack     at maybeClose (internal/child_process.js:886:16)
14 verbose stack     at Process.ChildProcess._handle.onexit (internal/child_process.js:226:5)
15 verbose pkgid zs-managesystem@0.0.1
16 verbose cwd /Users/administrator/zs-manage
17 error Darwin 16.5.0
18 error argv "/usr/local/bin/node" "/usr/local/bin/npm" "run" "dev"
19 error node v6.10.2
20 error npm  v3.10.10
21 error code ELIFECYCLE
22 error zs-managesystem@0.0.1 dev: `node build/dev-server.js`
22 error Exit status 1
23 error Failed at the zs-managesystem@0.0.1 dev script 'node build/dev-server.js'.
23 error Make sure you have the latest version of node.js and npm installed.
23 error If you do, this is most likely a problem with the zs-managesystem package,
23 error not with npm itself.
23 error Tell the author that this fails on your system:
23 error     node build/dev-server.js
23 error You can get information on how to open an issue for this project with:
23 error     npm bugs zs-managesystem
23 error Or if that isn't available, you can get their info via:
23 error     npm owner ls zs-managesystem
23 error There is likely additional logging output above.
24 verbose exit [ 1, true ]
